# JRE version: Java(TM) SE Runtime Environment (8.0_281-b09) (build 1.8.0_281-b09)
# Java VM: Java HotSpot(TM) 64-Bit Server VM (25.281-b09 mixed mode windows-amd64 compressed oops)
Heap:
 PSYoungGen      total 635392K, used 201709K [0x00000000d5d80000, 0x00000000ffa00000, 0x0000000100000000)
  eden space 592384K, 34% used [0x00000000d5d80000,0x00000000e224b528,0x00000000fa000000)
  from space 43008K, 0% used [0x00000000fd000000,0x00000000fd030000,0x00000000ffa00000)
  to   space 46080K, 0% used [0x00000000fa000000,0x00000000fa000000,0x00000000fcd00000)
 ParOldGen       total 237056K, used 201281K [0x0000000081800000, 0x000000008ff80000, 0x00000000d5d80000)
  object space 237056K, 84% used [0x0000000081800000,0x000000008dc90688,0x000000008ff80000)
 Metaspace       used 61111K, capacity 64059K, committed 64600K, reserved 1105920K
  class space    used 7324K, capacity 8381K, committed 8536K, reserved 1048576K
GC Heap History (10 events):
Event: 7319.682 GC heap before
{Heap before GC invocations=114 (full 6):
 PSYoungGen      total 652288K, used 652287K [0x00000000d5d80000, 0x0000000100000000, 0x0000000100000000)
  eden space 613888K, 100% used [0x00000000d5d80000,0x00000000fb500000,0x00000000fb500000)
  from space 38400K, 99% used [0x00000000fb500000,0x00000000fda7fc50,0x00000000fda80000)
  to   space 38400K, 0% used [0x00000000fda80000,0x00000000fda80000,0x0000000100000000)
 ParOldGen       total 237056K, used 147463K [0x0000000081800000, 0x000000008ff80000, 0x00000000d5d80000)
  object space 237056K, 62% used [0x0000000081800000,0x000000008a801d68,0x000000008ff80000)
 Metaspace       used 60979K, capacity 63995K, committed 64600K, reserved 1105920K
  class space    used 7324K, capacity 8381K, committed 8536K, reserved 1048576K
Event: 7319.732 GC heap after
Heap after GC invocations=114 (full 6):
 PSYoungGen      total 622592K, used 30363K [0x00000000d5d80000, 0x0000000100000000, 0x0000000100000000)
  eden space 584192K, 0% used [0x00000000d5d80000,0x00000000d5d80000,0x00000000f9800000)
  from space 38400K, 79% used [0x00000000fda80000,0x00000000ff826fc8,0x0000000100000000)
  to   space 53248K, 0% used [0x00000000f9800000,0x00000000f9800000,0x00000000fcc00000)
 ParOldGen       total 237056K, used 170497K [0x0000000081800000, 0x000000008ff80000, 0x00000000d5d80000)
  object space 237056K, 71% used [0x0000000081800000,0x000000008be805a8,0x000000008ff80000)
 Metaspace       used 60979K, capacity 63995K, committed 64600K, reserved 1105920K
  class space    used 7324K, capacity 8381K, committed 8536K, reserved 1048576K
}
Event: 11374.408 GC heap before
{Heap before GC invocations=115 (full 6):
 PSYoungGen      total 622592K, used 614555K [0x00000000d5d80000, 0x0000000100000000, 0x0000000100000000)
  eden space 584192K, 100% used [0x00000000d5d80000,0x00000000f9800000,0x00000000f9800000)
  from space 38400K, 79% used [0x00000000fda80000,0x00000000ff826fc8,0x0000000100000000)
  to   space 53248K, 0% used [0x00000000f9800000,0x00000000f9800000,0x00000000fcc00000)
 ParOldGen       total 237056K, used 170497K [0x0000000081800000, 0x000000008ff80000, 0x00000000d5d80000)
  object space 237056K, 71% used [0x0000000081800000,0x000000008be805a8,0x000000008ff80000)
 Metaspace       used 61050K, capacity 63995K, committed 64600K, reserved 1105920K
  class space    used 7324K, capacity 8381K, committed 8536K, reserved 1048576K
Event: 11374.569 GC heap after
Heap after GC invocations=115 (full 6):
 PSYoungGen      total 637440K, used 2552K [0x00000000d5d80000, 0x0000000100000000, 0x0000000100000000)
  eden space 584192K, 0% used [0x00000000d5d80000,0x00000000d5d80000,0x00000000f9800000)
  from space 53248K, 4% used [0x00000000f9800000,0x00000000f9a7e098,0x00000000fcc00000)
  to   space 51200K, 0% used [0x00000000fce00000,0x00000000fce00000,0x0000000100000000)
 ParOldGen       total 237056K, used 197769K [0x0000000081800000, 0x000000008ff80000, 0x00000000d5d80000)
  object space 237056K, 83% used [0x0000000081800000,0x000000008d9225f8,0x000000008ff80000)
 Metaspace       used 61050K, capacity 63995K, committed 64600K, reserved 1105920K
  class space    used 7324K, capacity 8381K, committed 8536K, reserved 1048576K
}
Event: 23007.122 GC heap before
{Heap before GC invocations=116 (full 6):
 PSYoungGen      total 637440K, used 586744K [0x00000000d5d80000, 0x0000000100000000, 0x0000000100000000)
  eden space 584192K, 100% used [0x00000000d5d80000,0x00000000f9800000,0x00000000f9800000)
  from space 53248K, 4% used [0x00000000f9800000,0x00000000f9a7e098,0x00000000fcc00000)
  to   space 51200K, 0% used [0x00000000fce00000,0x00000000fce00000,0x0000000100000000)
 ParOldGen       total 237056K, used 197769K [0x0000000081800000, 0x000000008ff80000, 0x00000000d5d80000)
  object space 237056K, 83% used [0x0000000081800000,0x000000008d9225f8,0x000000008ff80000)
 Metaspace       used 61056K, capacity 63995K, committed 64600K, reserved 1105920K
  class space    used 7324K, capacity 8381K, committed 8536K, reserved 1048576K
Event: 23007.202 GC heap after
Heap after GC invocations=116 (full 6):
 PSYoungGen      total 633344K, used 192K [0x00000000d5d80000, 0x00000000ffc00000, 0x0000000100000000)
  eden space 586240K, 0% used [0x00000000d5d80000,0x00000000d5d80000,0x00000000f9a00000)
  from space 47104K, 0% used [0x00000000fce00000,0x00000000fce30000,0x00000000ffc00000)
  to   space 50176K, 0% used [0x00000000f9a00000,0x00000000f9a00000,0x00000000fcb00000)
 ParOldGen       total 237056K, used 200201K [0x0000000081800000, 0x000000008ff80000, 0x00000000d5d80000)
  object space 237056K, 84% used [0x0000000081800000,0x000000008db82668,0x000000008ff80000)
 Metaspace       used 61056K, capacity 63995K, committed 64600K, reserved 1105920K
  class space    used 7324K, capacity 8381K, committed 8536K, reserved 1048576K
}
Event: 23029.904 GC heap before
{Heap before GC invocations=117 (full 6):
 PSYoungGen      total 633344K, used 586432K [0x00000000d5d80000, 0x00000000ffc00000, 0x0000000100000000)
  eden space 586240K, 100% used [0x00000000d5d80000,0x00000000f9a00000,0x00000000f9a00000)
  from space 47104K, 0% used [0x00000000fce00000,0x00000000fce30000,0x00000000ffc00000)
  to   space 50176K, 0% used [0x00000000f9a00000,0x00000000f9a00000,0x00000000fcb00000)
 ParOldGen       total 237056K, used 200201K [0x0000000081800000, 0x000000008ff80000, 0x00000000d5d80000)
  object space 237056K, 84% used [0x0000000081800000,0x000000008db82668,0x000000008ff80000)
 Metaspace       used 61094K, capacity 64059K, committed 64600K, reserved 1105920K
  class space    used 7324K, capacity 8381K, committed 8536K, reserved 1048576K
Event: 23029.910 GC heap after
Heap after GC invocations=117 (full 6):
 PSYoungGen      total 636416K, used 1216K [0x00000000d5d80000, 0x00000000fff00000, 0x0000000100000000)
  eden space 586240K, 0% used [0x00000000d5d80000,0x00000000d5d80000,0x00000000f9a00000)
  from space 50176K, 2% used [0x00000000f9a00000,0x00000000f9b30000,0x00000000fcb00000)
  to   space 48128K, 0% used [0x00000000fd000000,0x00000000fd000000,0x00000000fff00000)
 ParOldGen       total 237056K, used 200225K [0x0000000081800000, 0x000000008ff80000, 0x00000000d5d80000)
  object space 237056K, 84% used [0x0000000081800000,0x000000008db88668,0x000000008ff80000)
 Metaspace       used 61094K, capacity 64059K, committed 64600K, reserved 1105920K
  class space    used 7324K, capacity 8381K, committed 8536K, reserved 1048576K
}
Event: 23219.707 GC heap before
{Heap before GC invocations=118 (full 6):
 PSYoungGen      total 636416K, used 587456K [0x00000000d5d80000, 0x00000000fff00000, 0x0000000100000000)
  eden space 586240K, 100% used [0x00000000d5d80000,0x00000000f9a00000,0x00000000f9a00000)
  from space 50176K, 2% used [0x00000000f9a00000,0x00000000f9b30000,0x00000000fcb00000)
  to   space 48128K, 0% used [0x00000000fd000000,0x00000000fd000000,0x00000000fff00000)
 ParOldGen       total 237056K, used 200225K [0x0000000081800000, 0x000000008ff80000, 0x00000000d5d80000)
  object space 237056K, 84% used [0x0000000081800000,0x000000008db88668,0x000000008ff80000)
 Metaspace       used 61111K, capacity 64059K, committed 64600K, reserved 1105920K
  class space    used 7324K, capacity 8381K, committed 8536K, reserved 1048576K
Event: 23219.714 GC heap after
Heap after GC invocations=118 (full 6):
 PSYoungGen      total 635392K, used 192K [0x00000000d5d80000, 0x00000000ffa00000, 0x0000000100000000)
  eden space 592384K, 0% used [0x00000000d5d80000,0x00000000d5d80000,0x00000000fa000000)
  from space 43008K, 0% used [0x00000000fd000000,0x00000000fd030000,0x00000000ffa00000)
  to   space 46080K, 0% used [0x00000000fa000000,0x00000000fa000000,0x00000000fcd00000)
 ParOldGen       total 237056K, used 201281K [0x0000000081800000, 0x000000008ff80000, 0x00000000d5d80000)
  object space 237056K, 84% used [0x0000000081800000,0x000000008dc90688,0x000000008ff80000)
 Metaspace       used 61111K, capacity 64059K, committed 64600K, reserved 1105920K
  class space    used 7324K, capacity 8381K, committed 8536K, reserved 1048576K
}

